tess-two/build/outputs/logs/manifest-merger-debug-report.txt
-- Merging decision tree log ---
manifest
ADDED from Mrz\tess-two\AndroidManifest.xml:17:1-19:12
INJECTED from Mrz\tess-two\AndroidManifest.xml:17:1-19:12
INJECTED from Mrz\tess-two\AndroidManifest.xml:17:1-19:12
	package
		ADDED from Mrz\tess-two\AndroidManifest.xml:17:11-53
		INJECTED from Mrz\tess-two\AndroidManifest.xml
		INJECTED from Mrz\tess-two\AndroidManifest.xml
	xmlns:android
		ADDED from Mrz\tess-two\AndroidManifest.xml:17:1-19:12
uses-sdk
INJECTED from Mrz\tess-two\AndroidManifest.xml reason: use-sdk injection requested
INJECTED from Mrz\tess-two\AndroidManifest.xml
INJECTED from Mrz\tess-two\AndroidManifest.xml
INJECTED from Mrz\tess-two\AndroidManifest.xml
INJECTED from Mrz\tess-two\AndroidManifest.xml
	android:targetSdkVersion
		INJECTED from Mrz\tess-two\AndroidManifest.xml
		ADDED from Mrz\tess-two\AndroidManifest.xml
		INJECTED from Mrz\tess-two\AndroidManifest.xml
	android:minSdkVersion
		INJECTED from Mrz\tess-two\AndroidManifest.xml
		ADDED from Mrz\tess-two\AndroidManifest.xml
		INJECTED from Mrz\tess-two\AndroidManifest.xml